<?xml version='1.0' encoding='UTF-8'?>
<testsuite hostname="LAPTOP-QPM4MI3T" name="Class" tests="3" errors="0" failures="0" skipped="0" time="0.055" timestamp="2021-11-11T19:25:57">
          <properties>
      <property name="java.specification.version" value="17"/><property name="sun.cpu.isalist" value="amd64"/><property name="sun.jnu.encoding" value="Cp1252"/><property name="sun.arch.data.model" value="64"/><property name="sbt.supershell" value="false"/><property name="java.vendor.url" value="https://java.oracle.com/"/><property name="sun.boot.library.path" value="C:\Users\nostr\.jdks\openjdk-17\bin"/><property name="sun.java.command" value="C:\Users\nostr\AppData\Roaming\JetBrains\IdeaIC2021.2\plugins\Scala\launcher\sbt-launch.jar early(addPluginSbtFile=&quot;&quot;&quot;C:\Users\nostr\AppData\Local\Temp\idea8.sbt&quot;&quot;&quot;) ; set ideaPort in Global := 56350 ; idea-shell"/><property name="jdk.debug" value="release"/><property name="sun.stderr.encoding" value="cp850"/><property name="java.specification.vendor" value="Oracle Corporation"/><property name="java.version.date" value="2021-09-14"/><property name="java.home" value="C:\Users\nostr\.jdks\openjdk-17"/><property name="file.separator" value="\"/><property name="java.vm.compressedOopsMode" value="32-bit"/><property name="line.separator" value="
"/><property name="sun.stdout.encoding" value="cp850"/><property name="java.vm.specification.vendor" value="Oracle Corporation"/><property name="java.specification.name" value="Java Platform API Specification"/><property name="idea.installation.dir" value="C:\Program Files\JetBrains\IntelliJ IDEA Community Edition 2021.2.2"/><property name="user.script" value=""/><property name="sun.management.compiler" value="HotSpot 64-Bit Tiered Compilers"/><property name="java.runtime.version" value="17+35-2724"/><property name="user.name" value="nostr"/><property name="log4j.ignoreTCL" value="true"/><property name="file.encoding" value="UTF-8"/><property name="jnidispatch.path" value="C:\Users\nostr\AppData\Local\Temp\jna-105008336\jna14920565510600762565.dll"/><property name="jna.loaded" value="true"/><property name="java.io.tmpdir" value="C:\Users\nostr\AppData\Local\Temp\"/><property name="java.version" value="17"/><property name="java.vm.specification.name" value="Java Virtual Machine Specification"/><property name="sun.os.patch.level" value=""/><property name="native.encoding" value="Cp1252"/><property name="java.library.path" value="C:\Users\nostr\.jdks\openjdk-17\bin;C:\WINDOWS\Sun\Java\bin;C:\WINDOWS\system32;C:\WINDOWS;C:\WINDOWS\system32;C:\WINDOWS;C:\WINDOWS\System32\Wbem;C:\WINDOWS\System32\WindowsPowerShell\v1.0\;C:\WINDOWS\System32\OpenSSH\;C:\Users\nostr\AppData\Local\Packages\PythonSoftwareFoundation.Python.3.9_qbz5n2kfra8p0\LocalCache\local-packages\Python39\Scripts;C:\Program Files\nodejs\;C:\Program Files\Git\cmd;C:\Users\nostr\AppData\Local\Programs\Eclipse Adoptium\jdk-11.0.13.8-hotspot\bin;C:\Users\nostr\AppData\Local\Microsoft\WindowsApps;C:\Users\nostr\AppData\Local\Programs\Microsoft VS Code\bin;C:\Users\nostr\AppData\Roaming\npm;C:\Users\nostr\AppData\Local\GitHubDesktop\bin;."/><property name="java.vendor" value="Oracle Corporation"/><property name="sun.io.unicode.encoding" value="UnicodeLittle"/><property name="java.class.path" value="C:\Users\nostr\AppData\Roaming\JetBrains\IdeaIC2021.2\plugins\Scala\launcher\sbt-launch.jar"/><property name="java.vm.vendor" value="Oracle Corporation"/><property name="user.variant" value=""/><property name="jline.shutdownhook" value="false"/><property name="user.timezone" value="Europe/Paris"/><property name="java.vm.specification.version" value="17"/><property name="os.name" value="Windows 10"/><property name="sun.java.launcher" value="SUN_STANDARD"/><property name="user.country" value="FR"/><property name="sun.cpu.endian" value="little"/><property name="user.home" value="C:\Users\nostr"/><property name="user.language" value="fr"/><property name="swoval.tmpdir" value="C:\Users\nostr\.sbt\1.0"/><property name="jline.esc.timeout" value="0"/><property name="path.separator" value=";"/><property name="os.version" value="10.0"/><property name="jna.nosys" value="true"/><property name="java.runtime.name" value="OpenJDK Runtime Environment"/><property name="sbt.log.noformat" value="true"/><property name="java.vm.name" value="OpenJDK 64-Bit Server VM"/><property name="java.vendor.url.bug" value="https://bugreport.java.com/bugreport/"/><property name="user.dir" value="C:\Users\nostr\OneDrive\Documents\Efrei\M1\scala\projet"/><property name="os.arch" value="amd64"/><property name="idea.managed" value="true"/><property name="java.vm.info" value="mixed mode, sharing"/><property name="java.vm.version" value="17+35-2724"/><property name="java.class.version" value="61.0"/>
    </properties>
          <testcase classname="Class" name="testAirport" time="0.042">
                      
                    </testcase><testcase classname="Class" name="testCounty" time="0.007">
                      
                    </testcase><testcase classname="Class" name="testRunway" time="0.006">
                      
                    </testcase>
          <system-out><![CDATA[]]></system-out>
          <system-err><![CDATA[]]></system-err>
        </testsuite>